ObjectDetection MOUDLE Using GPU device0 _CudaDeviceProperties(name='TITAN RTX', total_memory=24190MB)
Model Summary: 37 layers, 8.66988e+06 parameters, 8.66988e+06 gradients
Traceback (most recent call last):
  File "./app.py", line 66, in <module>
    PR = LPR(os.path.join(os.path.join(os.path.split(os.path.realpath(__file__))[0],"licenseplate"),"models"),opt)
  File "/home/user/cwm/pythonmicroserver-update_weights/licenseplate/hyperlpr.py", line 36, in __init__
    self.detect_object = Detector(opt=opt)
  File "/home/user/cwm/pythonmicroserver-update_weights/carProject/Detector.py", line 17, in __init__
    self.model,self.device ,self.half= self.init_model_and_gpu_env(self.opt)
  File "/home/user/cwm/pythonmicroserver-update_weights/carProject/Detector.py", line 27, in init_model_and_gpu_env
    model.load_state_dict(torch.load(weights, map_location=device)['model'])
  File "/home/user/anaconda3/envs/LPR/lib/python3.7/site-packages/torch/serialization.py", line 594, in load
    return _load(opened_zipfile, map_location, pickle_module, **pickle_load_args)
  File "/home/user/anaconda3/envs/LPR/lib/python3.7/site-packages/torch/serialization.py", line 853, in _load
    result = unpickler.load()
  File "/home/user/anaconda3/envs/LPR/lib/python3.7/site-packages/torch/serialization.py", line 845, in persistent_load
    load_tensor(data_type, size, key, _maybe_decode_ascii(location))
  File "/home/user/anaconda3/envs/LPR/lib/python3.7/site-packages/torch/serialization.py", line 834, in load_tensor
    loaded_storages[key] = restore_location(storage, location)
  File "/home/user/anaconda3/envs/LPR/lib/python3.7/site-packages/torch/serialization.py", line 814, in restore_location
    return default_restore_location(storage, str(map_location))
  File "/home/user/anaconda3/envs/LPR/lib/python3.7/site-packages/torch/serialization.py", line 175, in default_restore_location
    result = fn(storage, location)
  File "/home/user/anaconda3/envs/LPR/lib/python3.7/site-packages/torch/serialization.py", line 157, in _cuda_deserialize
    return obj.cuda(device)
  File "/home/user/anaconda3/envs/LPR/lib/python3.7/site-packages/torch/_utils.py", line 79, in _cuda
    return new_type(self.size()).copy_(self, non_blocking)
  File "/home/user/anaconda3/envs/LPR/lib/python3.7/site-packages/torch/cuda/__init__.py", line 462, in _lazy_new
    return super(_CudaBase, cls).__new__(cls, *args, **kwargs)
RuntimeError: CUDA error: out of memory
ObjectDetection MOUDLE Using GPU device0 _CudaDeviceProperties(name='TITAN RTX', total_memory=24190MB)
Model Summary: 37 layers, 8.66988e+06 parameters, 8.66988e+06 gradients
OCR MOUDLE Using GPU device0 _CudaDeviceProperties(name='TITAN RTX', total_memory=24190MB)
 * Serving Flask app "app" (lazy loading)
 * Environment: development
 * Debug mode: off
 * Running on http://127.0.0.1:5000/ (Press CTRL+C to quit)
ObjectDetection MOUDLE Using GPU device0 _CudaDeviceProperties(name='TITAN RTX', total_memory=24190MB)
Model Summary: 37 layers, 8.66988e+06 parameters, 8.66988e+06 gradients
OCR MOUDLE Using GPU device0 _CudaDeviceProperties(name='TITAN RTX', total_memory=24190MB)
 * Serving Flask app "app" (lazy loading)
 * Environment: development
 * Debug mode: off
 * Running on http://127.0.0.1:5000/ (Press CTRL+C to quit)
